2024-10-24 22:13:03,988 INFO: Application startup [in C:\dev_project_library\flask_library_template\logger.py:20]
2024-10-24 22:13:04,892 INFO: Application startup [in C:\dev_project_library\flask_library_template\logger.py:20]
2024-10-24 22:13:15,349 INFO: Application startup [in C:\dev_project_library\flask_library_template\logger.py:20]
2024-10-24 22:16:56,461 INFO: Application startup [in C:\dev_project_library\flask_library_template\logger.py:20]
2024-10-24 22:24:01,886 INFO: Application startup [in C:\dev_project_library\flask_library_template\logger.py:20]
2024-10-24 22:26:33,802 INFO: Application startup [in C:\dev_project_library\flask_library_template\logger.py:20]
2024-10-24 22:26:34,788 INFO: Application startup [in C:\dev_project_library\flask_library_template\logger.py:20]
2024-10-24 22:40:47,466 INFO: Application startup [in C:\dev_project_library\flask_library_template\logger.py:20]
2024-10-24 22:40:49,813 INFO: Application startup [in C:\dev_project_library\flask_library_template\logger.py:20]
2024-10-24 22:41:56,028 INFO: Application startup [in C:\dev_project_library\flask_library_template\logger.py:20]
2024-10-24 22:43:33,808 INFO: Application startup [in C:\dev_project_library\flask_library_template\logger.py:20]
2024-10-24 22:43:35,052 INFO: Application startup [in C:\dev_project_library\flask_library_template\logger.py:20]
2024-10-24 22:58:22,598 INFO: Application startup [in C:\dev_project_library\flask_library_template\logger.py:20]
2024-10-24 22:58:29,219 INFO: Application startup [in C:\dev_project_library\flask_library_template\logger.py:20]
2024-10-24 23:00:49,540 INFO: Application startup [in C:\dev_project_library\flask_library_template\logger.py:20]
2024-10-25 22:07:06,064 INFO: Application startup [in C:\dev_project_library\flask_library_template\logger.py:20]
2024-10-25 22:07:06,928 INFO: Application startup [in C:\dev_project_library\flask_library_template\logger.py:20]
2024-10-25 22:11:20,464 INFO: Application startup [in C:\dev_project_library\flask_library_template\logger.py:20]
2024-10-25 22:11:27,927 INFO: Application startup [in C:\dev_project_library\flask_library_template\logger.py:20]
2024-10-25 22:32:27,290 INFO: Application startup [in C:\dev_project_library\flask_library_template\logger.py:20]
2024-10-25 22:32:31,656 INFO: Application startup [in C:\dev_project_library\flask_library_template\logger.py:20]
2024-10-25 22:33:15,249 INFO: Application startup [in C:\dev_project_library\flask_library_template\logger.py:20]
2024-10-25 22:33:16,296 INFO: Application startup [in C:\dev_project_library\flask_library_template\logger.py:20]
2024-10-25 22:37:34,706 INFO: Application startup [in C:\dev_project_library\flask_library_template\logger.py:20]
2024-10-25 22:37:35,563 INFO: Application startup [in C:\dev_project_library\flask_library_template\logger.py:20]
2024-10-25 22:40:03,302 INFO: Application startup [in C:\dev_project_library\flask_library_template\logger.py:20]
2024-10-25 22:40:29,338 INFO: Application startup [in C:\dev_project_library\flask_library_template\logger.py:20]
2024-10-25 22:40:32,903 INFO: Application startup [in C:\dev_project_library\flask_library_template\logger.py:20]
2024-10-25 22:40:35,253 INFO: Book fhgjbkl added successfully. [in C:\dev_project_library\flask_library_template\app.py:211]
2024-10-25 22:40:49,853 INFO: Book dfghjk added successfully. [in C:\dev_project_library\flask_library_template\app.py:211]
2024-10-25 22:44:15,344 INFO: Application startup [in C:\dev_project_library\flask_library_template\logger.py:20]
2024-10-25 22:44:16,285 INFO: Application startup [in C:\dev_project_library\flask_library_template\logger.py:20]
2024-10-25 22:44:23,196 INFO: Book jhsd has been removed. [in C:\dev_project_library\flask_library_template\app.py:372]
2024-10-25 22:44:27,100 INFO: Book jhsd has been removed. [in C:\dev_project_library\flask_library_template\app.py:372]
2024-10-25 22:44:28,364 INFO: Book jhsd has been removed. [in C:\dev_project_library\flask_library_template\app.py:372]
2024-10-25 22:44:28,507 INFO: Book jhsd has been removed. [in C:\dev_project_library\flask_library_template\app.py:372]
2024-10-25 22:44:28,618 INFO: Book jhsd has been removed. [in C:\dev_project_library\flask_library_template\app.py:372]
2024-10-25 22:44:28,684 INFO: Book jhsd has been removed. [in C:\dev_project_library\flask_library_template\app.py:372]
2024-10-25 22:44:28,793 INFO: Book jhsd has been removed. [in C:\dev_project_library\flask_library_template\app.py:372]
2024-10-25 22:44:30,236 INFO: Book fhgjbkl has been removed. [in C:\dev_project_library\flask_library_template\app.py:372]
2024-10-25 22:44:30,427 INFO: Book fhgjbkl has been removed. [in C:\dev_project_library\flask_library_template\app.py:372]
2024-10-25 22:44:30,482 INFO: Book fhgjbkl has been removed. [in C:\dev_project_library\flask_library_template\app.py:372]
2024-10-25 22:44:31,057 INFO: Book jhsd has been removed. [in C:\dev_project_library\flask_library_template\app.py:372]
2024-10-25 22:50:39,173 INFO: Application startup [in C:\dev_project_library\flask_library_template\logger.py:20]
2024-10-25 22:50:41,359 INFO: Application startup [in C:\dev_project_library\flask_library_template\logger.py:20]
2024-10-25 22:50:52,740 INFO: Application startup [in C:\dev_project_library\flask_library_template\logger.py:20]
2024-10-25 22:53:17,438 INFO: Application startup [in C:\dev_project_library\flask_library_template\logger.py:20]
2024-10-25 22:53:20,802 INFO: Application startup [in C:\dev_project_library\flask_library_template\logger.py:20]
2024-10-25 22:53:22,294 INFO: Application startup [in C:\dev_project_library\flask_library_template\logger.py:20]
2024-10-25 22:57:16,533 INFO: Application startup [in C:\dev_project_library\flask_library_template\logger.py:20]
2024-10-25 22:57:17,400 INFO: Application startup [in C:\dev_project_library\flask_library_template\logger.py:20]
2024-10-25 22:58:34,914 INFO: Application startup [in C:\dev_project_library\flask_library_template\logger.py:20]
2024-10-25 23:00:48,983 INFO: Application startup [in C:\dev_project_library\flask_library_template\logger.py:20]
2024-10-25 23:00:50,192 INFO: Application startup [in C:\dev_project_library\flask_library_template\logger.py:20]
2024-10-25 23:01:53,092 INFO: Application startup [in C:\dev_project_library\flask_library_template\logger.py:20]
2024-10-25 23:03:22,113 INFO: Application startup [in C:\dev_project_library\flask_library_template\logger.py:20]
2024-10-25 23:03:23,320 INFO: Application startup [in C:\dev_project_library\flask_library_template\logger.py:20]
2024-10-25 23:03:31,935 INFO: Application startup [in C:\dev_project_library\flask_library_template\logger.py:20]
2024-10-25 23:03:32,803 INFO: Application startup [in C:\dev_project_library\flask_library_template\logger.py:20]
2024-10-25 23:03:50,527 INFO: Application startup [in C:\dev_project_library\flask_library_template\logger.py:20]
2024-10-25 23:20:41,827 INFO: Application startup [in C:\dev_project_library\flask_library_template\logger.py:20]
2024-10-25 23:20:43,789 INFO: Application startup [in C:\dev_project_library\flask_library_template\logger.py:20]
2024-10-26 00:14:33,607 INFO: Application startup [in C:\dev_project_library\flask_library_template\logger.py:20]
2024-10-26 00:14:36,614 INFO: Customer eden has been removed. [in C:\dev_project_library\flask_library_template\app.py:376]
2024-10-26 00:14:36,651 INFO: Customer eden has been removed. [in C:\dev_project_library\flask_library_template\app.py:376]
2024-10-27 22:26:41,321 INFO: Book after added successfully. [in C:\dev_project_library\flask_library_template\app.py:211]
2024-10-27 22:28:45,134 INFO: Book hunger games added successfully. [in C:\dev_project_library\flask_library_template\app.py:211]
2024-10-27 22:29:00,710 INFO: Book after has been removed. [in C:\dev_project_library\flask_library_template\app.py:360]
2024-10-27 22:47:36,677 INFO: Application startup [in C:\dev_project_library\flask_library_template\logger.py:20]
2024-10-27 22:47:38,950 INFO: Application startup [in C:\dev_project_library\flask_library_template\logger.py:20]
2024-10-27 22:47:41,191 INFO: Application startup [in C:\dev_project_library\flask_library_template\logger.py:20]
2024-10-27 22:47:43,352 INFO: Application startup [in C:\dev_project_library\flask_library_template\logger.py:20]
2024-10-27 22:47:46,487 INFO: Application startup [in C:\dev_project_library\flask_library_template\logger.py:20]
2024-10-27 22:47:51,757 INFO: Application startup [in C:\dev_project_library\flask_library_template\logger.py:20]
2024-10-27 22:48:24,594 INFO: Application startup [in C:\dev_project_library\flask_library_template\logger.py:20]
2024-10-27 22:48:25,451 INFO: Application startup [in C:\dev_project_library\flask_library_template\logger.py:20]
2024-10-28 23:09:01,128 INFO: Application startup [in C:\dev_project_library\flask_library_template\logger.py:20]
2024-10-28 23:09:03,425 INFO: Application startup [in C:\dev_project_library\flask_library_template\logger.py:20]
2024-10-28 23:15:39,550 INFO: Book dfghjk has been removed. [in C:\dev_project_library\flask_library_template\app.py:360]
2024-10-28 23:15:41,754 INFO: Book hunger games has been removed. [in C:\dev_project_library\flask_library_template\app.py:360]
2024-10-28 23:16:00,227 INFO: Book after added successfully. [in C:\dev_project_library\flask_library_template\app.py:211]
2024-10-28 23:20:39,443 INFO: Application startup [in C:\dev_project_library\flask_library_template\logger.py:20]
2024-10-28 23:20:40,541 INFO: Application startup [in C:\dev_project_library\flask_library_template\logger.py:20]
2024-10-28 23:50:23,372 INFO: Application startup [in C:\dev_project_library\flask_library_template\logger.py:20]
